<?xml version="1.0" encoding="UTF-8"?>
<!-- Generated by org.testng.reporters.JUnitReportReporter -->
<testsuite hostname="Jonathan-Colegrove" failures="0" tests="1" name="January5.DatePickerTests" time="7.712" errors="0" timestamp="2022-01-07T19:20:25 EST" skipped="0">
  <testcase classname="January5.DatePickerTests" name="canSetDate" time="7.712"/>
  <system-out/>
</testsuite> <!-- January5.DatePickerTests -->
