<?xml version="1.0" encoding="UTF-8"?>
<!-- Generated by org.testng.reporters.JUnitReportReporter -->
<testsuite hostname="Jonathan-Colegrove" failures="0" tests="1" name="OpenCSVTests" time="0.009" errors="0" timestamp="2022-01-03T13:57:21 EST" skipped="0">
  <testcase classname="OpenCSVTests" name="getBrowserTypeValueFromConfigFile" time="0.009"/>
  <system-out/>
</testsuite> <!-- OpenCSVTests -->
