<?xml version="1.0" encoding="UTF-8"?>
<!-- Generated by org.testng.reporters.JUnitReportReporter -->
<testsuite hostname="Jonathan-Colegrove" failures="0" tests="1" name="NewTest" time="0.011" errors="0" timestamp="2021-12-21T20:11:18 EST" skipped="0">
  <testcase classname="NewTest" name="canPrintSomething" time="0.011"/>
  <system-out/>
</testsuite> <!-- NewTest -->
