<?xml version="1.0" encoding="UTF-8"?>
<!-- Generated by org.testng.reporters.JUnitReportReporter -->
<testsuite hostname="Jonathan-Colegrove" failures="0" tests="1" name="AmpegTests" time="12.776" errors="0" timestamp="2022-02-03T20:54:30 EST" skipped="0">
  <testcase classname="AmpegTests" name="canGetArtistName" time="12.776"/>
  <system-out/>
</testsuite> <!-- AmpegTests -->
