<?xml version="1.0" encoding="UTF-8"?>
<!-- Generated by org.testng.reporters.JUnitReportReporter -->
<testsuite hostname="Jonathan-Colegrove" failures="0" tests="1" name="WebDriverTest" time="2.084" errors="0" timestamp="2022-02-03T20:20:08 EST" skipped="0">
  <testcase classname="WebDriverTest" name="canLaunchChromeDriver" time="2.084"/>
  <system-out/>
</testsuite> <!-- WebDriverTest -->
